SF:lib/bloc/base_arch_bloc.dart
DA:12,2
DA:13,1
DA:14,1
DA:24,1
DA:26,1
DA:27,0
DA:49,1
DA:50,3
DA:51,2
DA:73,0
DA:74,0
DA:82,0
DA:105,1
DA:107,3
DA:108,1
DA:110,1
DA:137,0
LF:17
LH:12
end_of_record
SF:lib/ui/stateless_bloc_widget.dart
DA:34,1
DA:45,1
DA:48,1
DA:51,1
DA:53,1
DA:54,2
DA:55,1
DA:56,0
DA:57,1
DA:58,1
DA:59,1
DA:60,1
LF:12
LH:11
end_of_record
SF:lib/ui/stateful_bloc_widget.dart
DA:39,0
DA:51,0
DA:53,0
DA:54,0
DA:55,0
DA:56,0
DA:57,0
DA:58,0
DA:59,0
DA:60,0
DA:67,0
DA:70,0
DA:73,0
DA:76,0
LF:14
LH:0
end_of_record
